<?xml version="1.0" encoding="UTF-8"?>
<robot generator="Robot 7.0 (Python 3.12.2 on win32)" generated="2024-04-27T18:59:50.144681" rpa="false" schemaversion="5">
<suite id="s1" name="PycharmProjects" source="C:\Users\Shubham Pandey\PycharmProjects">
<suite id="s1-s1" name="Automation" source="C:\Users\Shubham Pandey\PycharmProjects\Automation">
<suite id="s1-s1-s1" name="Practice" source="C:\Users\Shubham Pandey\PycharmProjects\Automation\Practice">
<suite id="s1-s1-s1-s1" name="Demo1" source="C:\Users\Shubham Pandey\PycharmProjects\Automation\Practice\Demo1.robot">
<test id="s1-s1-s1-s1-t1" name="Validate opening of browser" line="8">
<kw name="Open youtube" owner="business_keywords">
<kw name="Open Browser" owner="SeleniumLibrary">
<msg time="2024-04-27T18:59:50.404354" level="INFO">Opening browser 'chrome' to base url 'https://www.youtube.com/'.</msg>
<arg>https://www.youtube.com/</arg>
<arg>${browser}</arg>
<doc>Opens a new browser instance to the optional ``url``.</doc>
<status status="PASS" start="2024-04-27T18:59:50.403385" elapsed="8.799216"/>
</kw>
<kw name="Maximize Browser Window" owner="SeleniumLibrary">
<doc>Maximizes current browser window.</doc>
<status status="PASS" start="2024-04-27T18:59:59.202601" elapsed="0.276403"/>
</kw>
<arg>chrome</arg>
<status status="PASS" start="2024-04-27T18:59:50.401314" elapsed="9.078688"/>
</kw>
<kw name="play Ankhiyaan gulab" owner="business_keywords">
<kw name="Input Text" owner="SeleniumLibrary">
<msg time="2024-04-27T18:59:59.482002" level="INFO">Typing text 'Ankhiyaan Gulab' into text field '//input[@id='search']'.</msg>
<arg>//input[@id='search']</arg>
<arg>Ankhiyaan Gulab</arg>
<doc>Types the given ``text`` into the text field identified by ``locator``.</doc>
<status status="PASS" start="2024-04-27T18:59:59.481002" elapsed="0.288934"/>
</kw>
<kw name="Click Button" owner="SeleniumLibrary">
<msg time="2024-04-27T18:59:59.770938" level="INFO">Clicking button '//button[@id='search-icon-legacy']'.</msg>
<arg>//button[@id='search-icon-legacy']</arg>
<doc>Clicks the button identified by ``locator``.</doc>
<status status="PASS" start="2024-04-27T18:59:59.769936" elapsed="0.135588"/>
</kw>
<kw name="Wait Until Element Is Visible" owner="SeleniumLibrary">
<arg>//*[@id="video-title"]/yt-formatted-string</arg>
<doc>Waits until the element ``locator`` is visible.</doc>
<status status="PASS" start="2024-04-27T18:59:59.905524" elapsed="1.372840"/>
</kw>
<kw name="Click Element" owner="SeleniumLibrary">
<msg time="2024-04-27T19:00:01.280369" level="INFO">Clicking element '//*[@id="video-title"]/yt-formatted-string'.</msg>
<arg>//*[@id="video-title"]/yt-formatted-string</arg>
<doc>Click the element identified by ``locator``.</doc>
<status status="PASS" start="2024-04-27T19:00:01.279364" elapsed="0.352652"/>
</kw>
<kw name="Sleep" owner="BuiltIn">
<msg time="2024-04-27T19:00:03.633513" level="INFO">Slept 2 seconds.</msg>
<arg>2</arg>
<doc>Pauses the test executed for the given time.</doc>
<status status="PASS" start="2024-04-27T19:00:01.632016" elapsed="2.002196"/>
</kw>
<status status="PASS" start="2024-04-27T18:59:59.480002" elapsed="4.154210"/>
</kw>
<status status="PASS" start="2024-04-27T18:59:50.399258" elapsed="13.235799"/>
</test>
<doc>First program</doc>
<status status="PASS" start="2024-04-27T18:59:50.180680" elapsed="13.458413"/>
</suite>
<status status="PASS" start="2024-04-27T18:59:50.176679" elapsed="13.466366"/>
</suite>
<status status="PASS" start="2024-04-27T18:59:50.172681" elapsed="13.473892"/>
</suite>
<status status="PASS" start="2024-04-27T18:59:50.149802" elapsed="13.500772"/>
</suite>
<statistics>
<total>
<stat pass="1" fail="0" skip="0">All Tests</stat>
</total>
<tag>
</tag>
<suite>
<stat pass="1" fail="0" skip="0" id="s1" name="PycharmProjects">PycharmProjects</stat>
<stat pass="1" fail="0" skip="0" id="s1-s1" name="Automation">PycharmProjects.Automation</stat>
<stat pass="1" fail="0" skip="0" id="s1-s1-s1" name="Practice">PycharmProjects.Automation.Practice</stat>
<stat pass="1" fail="0" skip="0" id="s1-s1-s1-s1" name="Demo1">PycharmProjects.Automation.Practice.Demo1</stat>
</suite>
</statistics>
<errors>
</errors>
</robot>
