<?xml version="1.0" encoding="UTF-8"?>
<robot generator="Robot 7.0 (Python 3.12.2 on win32)" generated="2024-04-09T08:42:48.639670" rpa="false" schemaversion="5">
<suite id="s1" name="Automation" source="C:\Users\Shubham Pandey\PycharmProjects\Automation">
<suite id="s1-s1" name="Practice" source="C:\Users\Shubham Pandey\PycharmProjects\Automation\Practice">
<suite id="s1-s1-s1" name="Demo1" source="C:\Users\Shubham Pandey\PycharmProjects\Automation\Practice\Demo1.robot">
<test id="s1-s1-s1-t1" name="Validate opening of browser" line="7">
<kw name="Open youtube">
<kw name="Open Browser" owner="SeleniumLibrary">
<msg time="2024-04-09T08:42:49.346481" level="INFO">Opening browser 'chrome' to base url 'https://www.youtube.com/'.</msg>
<arg>https://www.youtube.com/</arg>
<arg>chrome</arg>
<arg>options=add_experimental_option("detach", True)</arg>
<doc>Opens a new browser instance to the optional ``url``.</doc>
<status status="PASS" start="2024-04-09T08:42:49.346481" elapsed="8.421983"/>
</kw>
<kw name="Maximize Browser Window" owner="SeleniumLibrary">
<doc>Maximizes current browser window.</doc>
<status status="PASS" start="2024-04-09T08:42:57.768464" elapsed="0.189752"/>
</kw>
<status status="PASS" start="2024-04-09T08:42:49.345481" elapsed="8.612735"/>
</kw>
<kw name="play Ankhiyaan gulab">
<kw name="Input Text" owner="SeleniumLibrary">
<msg time="2024-04-09T08:42:57.961224" level="INFO">Typing text 'Ankhiyaan Gulab' into text field '//input[@id='search']'.</msg>
<arg>//input[@id='search']</arg>
<arg>Ankhiyaan Gulab</arg>
<doc>Types the given ``text`` into the text field identified by ``locator``.</doc>
<status status="PASS" start="2024-04-09T08:42:57.960216" elapsed="0.257228"/>
</kw>
<kw name="Click Button" owner="SeleniumLibrary">
<msg time="2024-04-09T08:42:58.217444" level="INFO">Clicking button '//button[@id='search-icon-legacy']'.</msg>
<arg>//button[@id='search-icon-legacy']</arg>
<doc>Clicks the button identified by ``locator``.</doc>
<status status="PASS" start="2024-04-09T08:42:58.217444" elapsed="0.188243"/>
</kw>
<kw name="Wait Until Element Is Visible" owner="SeleniumLibrary">
<arg>//*[@id="video-title"]/yt-formatted-string</arg>
<doc>Waits until the element ``locator`` is visible.</doc>
<status status="PASS" start="2024-04-09T08:42:58.405687" elapsed="1.506440"/>
</kw>
<kw name="Click Element" owner="SeleniumLibrary">
<msg time="2024-04-09T08:42:59.912127" level="INFO">Clicking element '//*[@id="video-title"]/yt-formatted-string'.</msg>
<arg>//*[@id="video-title"]/yt-formatted-string</arg>
<doc>Click the element identified by ``locator``.</doc>
<status status="PASS" start="2024-04-09T08:42:59.912127" elapsed="0.273670"/>
</kw>
<kw name="Sleep" owner="BuiltIn">
<msg time="2024-04-09T08:46:20.188025" level="INFO">Slept 3 minutes 20 seconds.</msg>
<arg>200</arg>
<doc>Pauses the test executed for the given time.</doc>
<status status="PASS" start="2024-04-09T08:43:00.187306" elapsed="200.001736"/>
</kw>
<status status="PASS" start="2024-04-09T08:42:57.959224" elapsed="202.229818"/>
</kw>
<status status="PASS" start="2024-04-09T08:42:49.343566" elapsed="210.846471"/>
</test>
<doc>First program</doc>
<status status="PASS" start="2024-04-09T08:42:48.677319" elapsed="211.515154"/>
</suite>
<status status="PASS" start="2024-04-09T08:42:48.673121" elapsed="211.522747"/>
</suite>
<status status="PASS" start="2024-04-09T08:42:48.643125" elapsed="211.554749"/>
</suite>
<statistics>
<total>
<stat pass="1" fail="0" skip="0">All Tests</stat>
</total>
<tag>
</tag>
<suite>
<stat pass="1" fail="0" skip="0" id="s1" name="Automation">Automation</stat>
<stat pass="1" fail="0" skip="0" id="s1-s1" name="Practice">Automation.Practice</stat>
<stat pass="1" fail="0" skip="0" id="s1-s1-s1" name="Demo1">Automation.Practice.Demo1</stat>
</suite>
</statistics>
<errors>
</errors>
</robot>
